<?xml version="1.0" encoding="UTF-8"?>
<!-- Generated by org.testng.reporters.JUnitReportReporter -->
<testsuite hostname="LapWinX-DAC51" name="jesus.ListenerClassDemo" tests="1" failures="0" timestamp="29 Feb 2020 18:42:33 GMT" time="18.644" errors="0">
  <testcase name="method" time="18.644" classname="jesus.ListenerClassDemo"/>
</testsuite> <!-- jesus.ListenerClassDemo -->
