<?xml version="1.0" encoding="UTF-8"?>
<!-- Generated by org.testng.reporters.JUnitReportReporter -->
<testsuite hostname="LapWinX-DAC51" name="reusable.Test1" tests="1" failures="0" timestamp="19 May 2020 12:50:14 GMT" time="0.021" errors="0">
  <testcase name="testPrintMessage" time="0.021" classname="reusable.Test1"/>
</testsuite> <!-- reusable.Test1 -->
