<?xml version="1.0" encoding="UTF-8"?>
<!-- Generated by org.testng.reporters.JUnitReportReporter -->
<testsuite hostname="LapWinX-DAC51" name="jesus.ListenerClassDemo" tests="1" failures="0" timestamp="27 May 2020 15:11:50 GMT" time="16.866" errors="0">
  <testcase name="method" time="16.866" classname="jesus.ListenerClassDemo"/>
</testsuite> <!-- jesus.ListenerClassDemo -->
