<?xml version="1.0" encoding="UTF-8"?>
<!-- Generated by org.testng.reporters.JUnitReportReporter -->
<testsuite hostname="LapWinX-DAC51" name="com.objectrepository.demo.extent" tests="1" failures="0" timestamp="7 Mar 2020 13:44:12 GMT" time="0.012" errors="0">
  <testcase name="f" time="0.012" classname="com.objectrepository.demo.extent"/>
</testsuite> <!-- com.objectrepository.demo.extent -->
