<?xml version="1.0" encoding="UTF-8"?>
<!-- Generated by org.testng.reporters.JUnitReportReporter -->
<testsuite hostname="LapWinX-DAC51" name="annotationsamplde.annotation" tests="2" failures="0" timestamp="27 May 2020 15:25:31 GMT" time="0.016" errors="0">
  <testcase name="f" time="0.014" classname="annotationsamplde.annotation"/>
  <testcase name="f" time="0.002" classname="annotationsamplde.annotation"/>
</testsuite> <!-- annotationsamplde.annotation -->
