<?xml version="1.0" encoding="UTF-8"?>
<!-- Generated by org.testng.reporters.JUnitReportReporter -->
<testsuite hostname="LapWinX-DAC51" name="com.objectrepository.demo.TestNGAsserts" tests="1" failures="0" timestamp="7 Mar 2020 14:35:13 GMT" time="19.030" errors="0">
  <testcase name="testNGAsserts" time="19.030" classname="com.objectrepository.demo.TestNGAsserts"/>
</testsuite> <!-- com.objectrepository.demo.TestNGAsserts -->
