<?xml version="1.0" encoding="UTF-8"?>
<!-- Generated by org.testng.reporters.JUnitReportReporter -->
<testsuite hostname="LapWinX-DAC51" name="tests.NewTest" tests="1" failures="0" timestamp="27 May 2020 09:12:56 GMT" time="9.814" errors="0">
  <testcase name="f" time="9.814" classname="tests.NewTest"/>
</testsuite> <!-- tests.NewTest -->
