<?xml version="1.0" encoding="UTF-8"?>
<!-- Generated by org.testng.reporters.JUnitReportReporter -->
<testsuite hostname="LapWinX-DAC51" name="annotationsamplde.annotation" tests="2" failures="0" timestamp="1 Mar 2020 18:08:12 GMT" time="0.047" errors="0">
  <testcase name="f" time="0.046" classname="annotationsamplde.annotation"/>
  <testcase name="f" time="0.001" classname="annotationsamplde.annotation"/>
</testsuite> <!-- annotationsamplde.annotation -->
