<?xml version="1.0" encoding="UTF-8"?>
<!-- Generated by org.testng.reporters.JUnitReportReporter -->
<testsuite hostname="LapWinX-DAC51" name="jesus.TestClass" tests="1" failures="0" timestamp="29 Feb 2020 18:01:25 GMT" time="0.007" errors="0">
  <testcase name="t" time="0.007" classname="jesus.TestClass"/>
</testsuite> <!-- jesus.TestClass -->
